<?xml version="1.0" encoding="UTF-8"?>
<!-- Generated by org.testng.reporters.JUnitXMLReporter -->
<testsuite ignored="0" hostname="DESKTOP-0N88LAP" failures="0" tests="3" name="Amazon application Test" time="49.994" errors="0" timestamp="2021-03-05T11:18:05 IST">
  <testcase classname="com.qa.selenium.testscripts.TC_AmazonSeachTest_001" name="searchItem" time="12.239"/>
  <testcase classname="com.qa.selenium.testscripts.TC_AmazonSeachTest_001" name="searchItem" time="6.167"/>
  <testcase classname="com.qa.selenium.testscripts.TC_AmazonSeachTest_001" name="searchItem" time="6.693"/>
</testsuite> <!-- Amazon application Test -->
