<?xml version="1.0" encoding="UTF-8"?>
<!-- Generated by org.testng.reporters.JUnitXMLReporter -->
<testsuite hostname="DESKTOP-0N88LAP" ignored="0" name="Amazon application Test" tests="3" failures="0" timestamp="2021-03-05T11:34:57 IST" time="40.563" errors="0">
  <testcase name="searchItem" time="9.128" classname="com.qa.selenium.testscripts.TC_AmazonSeachTest_001"/>
  <testcase name="searchItem" time="5.702" classname="com.qa.selenium.testscripts.TC_AmazonSeachTest_001"/>
  <testcase name="searchItem" time="5.617" classname="com.qa.selenium.testscripts.TC_AmazonSeachTest_001"/>
</testsuite> <!-- Amazon application Test -->
