<?xml version="1.0" encoding="UTF-8"?>
<testng-results skipped="0" failed="0" ignored="0" total="3" passed="3">
  <reporter-output>
    <line>
      <![CDATA[URL opened]]>
    </line>
    <line>
      <![CDATA[URL opened]]>
    </line>
    <line>
      <![CDATA[URL opened]]>
    </line>
  </reporter-output>
  <suite name="Test Automation" duration-ms="40563" started-at="2021-03-05T11:34:16 IST" finished-at="2021-03-05T11:34:57 IST">
    <groups>
    </groups>
    <test name="Amazon application Test" duration-ms="40563" started-at="2021-03-05T11:34:16 IST" finished-at="2021-03-05T11:34:57 IST">
      <class name="com.qa.selenium.testscripts.TC_AmazonSeachTest_001">
        <test-method status="PASS" signature="setUp(java.lang.String)[pri:0, instance:com.qa.selenium.testscripts.TC_AmazonSeachTest_001@8909f18]" name="setUp" is-config="true" duration-ms="13334" started-at="2021-03-05T11:34:16 IST" finished-at="2021-03-05T11:34:30 IST">
          <params>
            <param index="0">
              <value>
                <![CDATA[chrome]]>
              </value>
            </param>
          </params>
          <reporter-output>
          </reporter-output>
        </test-method> <!-- setUp -->
        <test-method status="PASS" signature="searchItem(java.lang.String, java.lang.String)[pri:0, instance:com.qa.selenium.testscripts.TC_AmazonSeachTest_001@8909f18]" name="searchItem" duration-ms="9128" started-at="2021-03-05T11:34:34 IST" data-provider="DataSource" finished-at="2021-03-05T11:34:43 IST">
          <params>
            <param index="0">
              <value>
                <![CDATA[Books]]>
              </value>
            </param>
            <param index="1">
              <value>
                <![CDATA[Da vinci code]]>
              </value>
            </param>
          </params>
          <reporter-output>
            <line>
              <![CDATA[URL opened]]>
            </line>
          </reporter-output>
        </test-method> <!-- searchItem -->
        <test-method status="PASS" signature="searchItem(java.lang.String, java.lang.String)[pri:0, instance:com.qa.selenium.testscripts.TC_AmazonSeachTest_001@8909f18]" name="searchItem" duration-ms="5702" started-at="2021-03-05T11:34:44 IST" data-provider="DataSource" finished-at="2021-03-05T11:34:49 IST">
          <params>
            <param index="0">
              <value>
                <![CDATA[Furniture]]>
              </value>
            </param>
            <param index="1">
              <value>
                <![CDATA[Wooden Tables]]>
              </value>
            </param>
          </params>
          <reporter-output>
            <line>
              <![CDATA[URL opened]]>
            </line>
          </reporter-output>
        </test-method> <!-- searchItem -->
        <test-method status="PASS" signature="searchItem(java.lang.String, java.lang.String)[pri:0, instance:com.qa.selenium.testscripts.TC_AmazonSeachTest_001@8909f18]" name="searchItem" duration-ms="5617" started-at="2021-03-05T11:34:49 IST" data-provider="DataSource" finished-at="2021-03-05T11:34:55 IST">
          <params>
            <param index="0">
              <value>
                <![CDATA[Electronics]]>
              </value>
            </param>
            <param index="1">
              <value>
                <![CDATA[Mobile phones]]>
              </value>
            </param>
          </params>
          <reporter-output>
            <line>
              <![CDATA[URL opened]]>
            </line>
          </reporter-output>
        </test-method> <!-- searchItem -->
        <test-method status="PASS" signature="tearDown()[pri:0, instance:com.qa.selenium.testscripts.TC_AmazonSeachTest_001@8909f18]" name="tearDown" is-config="true" duration-ms="1689" started-at="2021-03-05T11:34:55 IST" finished-at="2021-03-05T11:34:57 IST">
          <reporter-output>
          </reporter-output>
        </test-method> <!-- tearDown -->
      </class> <!-- com.qa.selenium.testscripts.TC_AmazonSeachTest_001 -->
    </test> <!-- Amazon application Test -->
  </suite> <!-- Test Automation -->
</testng-results>
