<?xml version="1.0" encoding="UTF-8"?>
<testng-results ignored="0" total="3" passed="3" failed="0" skipped="0">
  <reporter-output>
    <line>
      <![CDATA[URL opened]]>
    </line>
    <line>
      <![CDATA[URL opened]]>
    </line>
    <line>
      <![CDATA[URL opened]]>
    </line>
  </reporter-output>
  <suite started-at="2021-03-05T11:17:15 IST" name="Test Automation" finished-at="2021-03-05T11:18:05 IST" duration-ms="49994">
    <groups>
    </groups>
    <test started-at="2021-03-05T11:17:15 IST" name="Amazon application Test" finished-at="2021-03-05T11:18:05 IST" duration-ms="49994">
      <class name="com.qa.selenium.testscripts.TC_AmazonSeachTest_001">
        <test-method is-config="true" signature="setUp(java.lang.String)[pri:0, instance:com.qa.selenium.testscripts.TC_AmazonSeachTest_001@59d4cd39]" started-at="2021-03-05T11:17:15 IST" name="setUp" finished-at="2021-03-05T11:17:32 IST" duration-ms="17379" status="PASS">
          <params>
            <param index="0">
              <value>
                <![CDATA[chrome]]>
              </value>
            </param>
          </params>
          <reporter-output>
          </reporter-output>
        </test-method> <!-- setUp -->
        <test-method signature="searchItem(java.lang.String, java.lang.String)[pri:0, instance:com.qa.selenium.testscripts.TC_AmazonSeachTest_001@59d4cd39]" started-at="2021-03-05T11:17:36 IST" name="searchItem" data-provider="DataSource" finished-at="2021-03-05T11:17:49 IST" duration-ms="12239" status="PASS">
          <params>
            <param index="0">
              <value>
                <![CDATA[Books]]>
              </value>
            </param>
            <param index="1">
              <value>
                <![CDATA[Da vinci code]]>
              </value>
            </param>
          </params>
          <reporter-output>
            <line>
              <![CDATA[URL opened]]>
            </line>
          </reporter-output>
        </test-method> <!-- searchItem -->
        <test-method signature="searchItem(java.lang.String, java.lang.String)[pri:0, instance:com.qa.selenium.testscripts.TC_AmazonSeachTest_001@59d4cd39]" started-at="2021-03-05T11:17:49 IST" name="searchItem" data-provider="DataSource" finished-at="2021-03-05T11:17:55 IST" duration-ms="6167" status="PASS">
          <params>
            <param index="0">
              <value>
                <![CDATA[Furniture]]>
              </value>
            </param>
            <param index="1">
              <value>
                <![CDATA[Wooden Tables]]>
              </value>
            </param>
          </params>
          <reporter-output>
            <line>
              <![CDATA[URL opened]]>
            </line>
          </reporter-output>
        </test-method> <!-- searchItem -->
        <test-method signature="searchItem(java.lang.String, java.lang.String)[pri:0, instance:com.qa.selenium.testscripts.TC_AmazonSeachTest_001@59d4cd39]" started-at="2021-03-05T11:17:56 IST" name="searchItem" data-provider="DataSource" finished-at="2021-03-05T11:18:02 IST" duration-ms="6693" status="PASS">
          <params>
            <param index="0">
              <value>
                <![CDATA[Electronics]]>
              </value>
            </param>
            <param index="1">
              <value>
                <![CDATA[Mobile phones]]>
              </value>
            </param>
          </params>
          <reporter-output>
            <line>
              <![CDATA[URL opened]]>
            </line>
          </reporter-output>
        </test-method> <!-- searchItem -->
        <test-method is-config="true" signature="tearDown()[pri:0, instance:com.qa.selenium.testscripts.TC_AmazonSeachTest_001@59d4cd39]" started-at="2021-03-05T11:18:02 IST" name="tearDown" finished-at="2021-03-05T11:18:05 IST" duration-ms="2299" status="PASS">
          <reporter-output>
          </reporter-output>
        </test-method> <!-- tearDown -->
      </class> <!-- com.qa.selenium.testscripts.TC_AmazonSeachTest_001 -->
    </test> <!-- Amazon application Test -->
  </suite> <!-- Test Automation -->
</testng-results>
